<?xml version="1.0" encoding="UTF-8"?>
<coverage generated="1733776239576" clover="3.2.0">
  <project timestamp="1733776239576" name="All files">
    <metrics statements="318" coveredstatements="260" conditionals="288" coveredconditionals="164" methods="50" coveredmethods="38" elements="656" coveredelements="462" complexity="0" loc="318" ncloc="318" packages="2" files="47" classes="47"/>
    <package name="src">
      <metrics statements="123" coveredstatements="113" conditionals="139" coveredconditionals="101" methods="26" coveredmethods="21"/>
      <file name="add.js" path="F:\COMP.SE.200-2024-2025-1\src\add.js">
        <metrics statements="1" coveredstatements="1" conditionals="0" coveredconditionals="0" methods="1" coveredmethods="1"/>
        <line num="16" count="8" type="stmt"/>
      </file>
      <file name="capitalize.js" path="F:\COMP.SE.200-2024-2025-1\src\capitalize.js">
        <metrics statements="1" coveredstatements="1" conditionals="0" coveredconditionals="0" methods="1" coveredmethods="1"/>
        <line num="17" count="12" type="stmt"/>
      </file>
      <file name="ceil.js" path="F:\COMP.SE.200-2024-2025-1\src\ceil.js">
        <metrics statements="1" coveredstatements="1" conditionals="0" coveredconditionals="0" methods="0" coveredmethods="0"/>
        <line num="22" count="1" type="stmt"/>
      </file>
      <file name="chunk.js" path="F:\COMP.SE.200-2024-2025-1\src\chunk.js">
        <metrics statements="10" coveredstatements="10" conditionals="7" coveredconditionals="7" methods="1" coveredmethods="1"/>
        <line num="23" count="9" type="stmt"/>
        <line num="24" count="9" type="cond" truecount="2" falsecount="0"/>
        <line num="25" count="9" type="cond" truecount="4" falsecount="0"/>
        <line num="26" count="4" type="stmt"/>
        <line num="28" count="5" type="stmt"/>
        <line num="29" count="5" type="stmt"/>
        <line num="30" count="5" type="stmt"/>
        <line num="32" count="5" type="stmt"/>
        <line num="33" count="10" type="stmt"/>
        <line num="35" count="5" type="stmt"/>
      </file>
      <file name="compact.js" path="F:\COMP.SE.200-2024-2025-1\src\compact.js">
        <metrics statements="6" coveredstatements="6" conditionals="2" coveredconditionals="2" methods="1" coveredmethods="1"/>
        <line num="15" count="10" type="stmt"/>
        <line num="16" count="10" type="stmt"/>
        <line num="18" count="10" type="stmt"/>
        <line num="19" count="18" type="cond" truecount="2" falsecount="0"/>
        <line num="20" count="9" type="stmt"/>
        <line num="23" count="10" type="stmt"/>
      </file>
      <file name="drop.js" path="F:\COMP.SE.200-2024-2025-1\src\drop.js">
        <metrics statements="2" coveredstatements="2" conditionals="7" coveredconditionals="7" methods="1" coveredmethods="1"/>
        <line num="27" count="9" type="cond" truecount="2" falsecount="0"/>
        <line num="28" count="9" type="cond" truecount="2" falsecount="0"/>
      </file>
      <file name="filter.js" path="F:\COMP.SE.200-2024-2025-1\src\filter.js">
        <metrics statements="9" coveredstatements="9" conditionals="4" coveredconditionals="4" methods="1" coveredmethods="1"/>
        <line num="25" count="8" type="stmt"/>
        <line num="26" count="8" type="stmt"/>
        <line num="27" count="8" type="cond" truecount="2" falsecount="0"/>
        <line num="28" count="8" type="stmt"/>
        <line num="30" count="8" type="stmt"/>
        <line num="31" count="20" type="stmt"/>
        <line num="32" count="20" type="cond" truecount="2" falsecount="0"/>
        <line num="33" count="10" type="stmt"/>
        <line num="36" count="8" type="stmt"/>
      </file>
      <file name="isArguments.js" path="F:\COMP.SE.200-2024-2025-1\src\isArguments.js">
        <metrics statements="1" coveredstatements="0" conditionals="2" coveredconditionals="0" methods="1" coveredmethods="0"/>
        <line num="20" count="0" type="cond" truecount="0" falsecount="2"/>
      </file>
      <file name="isArrayLike.js" path="F:\COMP.SE.200-2024-2025-1\src\isArrayLike.js">
        <metrics statements="1" coveredstatements="1" conditionals="3" coveredconditionals="3" methods="1" coveredmethods="1"/>
        <line num="27" count="2" type="cond" truecount="3" falsecount="0"/>
      </file>
      <file name="isBuffer.js" path="F:\COMP.SE.200-2024-2025-1\src\isBuffer.js">
        <metrics statements="6" coveredstatements="6" conditionals="17" coveredconditionals="14" methods="1" coveredmethods="0"/>
        <line num="4" count="1" type="cond" truecount="4" falsecount="0"/>
        <line num="7" count="1" type="cond" truecount="5" falsecount="0"/>
        <line num="10" count="1" type="cond" truecount="2" falsecount="0"/>
        <line num="13" count="1" type="cond" truecount="1" falsecount="1"/>
        <line num="16" count="1" type="cond" truecount="1" falsecount="1"/>
        <line num="33" count="1" type="cond" truecount="1" falsecount="1"/>
      </file>
      <file name="isLength.js" path="F:\COMP.SE.200-2024-2025-1\src\isLength.js">
        <metrics statements="2" coveredstatements="2" conditionals="4" coveredconditionals="1" methods="1" coveredmethods="1"/>
        <line num="2" count="1" type="stmt"/>
        <line num="29" count="2" type="cond" truecount="1" falsecount="3"/>
      </file>
      <file name="isObject.js" path="F:\COMP.SE.200-2024-2025-1\src\isObject.js">
        <metrics statements="2" coveredstatements="2" conditionals="3" coveredconditionals="3" methods="1" coveredmethods="1"/>
        <line num="25" count="13" type="stmt"/>
        <line num="26" count="13" type="cond" truecount="3" falsecount="0"/>
      </file>
      <file name="isObjectLike.js" path="F:\COMP.SE.200-2024-2025-1\src\isObjectLike.js">
        <metrics statements="1" coveredstatements="0" conditionals="2" coveredconditionals="0" methods="1" coveredmethods="0"/>
        <line num="24" count="0" type="cond" truecount="0" falsecount="2"/>
      </file>
      <file name="isSymbol.js" path="F:\COMP.SE.200-2024-2025-1\src\isSymbol.js">
        <metrics statements="2" coveredstatements="2" conditionals="4" coveredconditionals="4" methods="1" coveredmethods="1"/>
        <line num="19" count="13" type="stmt"/>
        <line num="20" count="13" type="cond" truecount="4" falsecount="0"/>
      </file>
      <file name="isTypedArray.js" path="F:\COMP.SE.200-2024-2025-1\src\isTypedArray.js">
        <metrics statements="5" coveredstatements="3" conditionals="6" coveredconditionals="3" methods="2" coveredmethods="0"/>
        <line num="6" count="1" type="stmt"/>
        <line num="9" count="1" type="cond" truecount="2" falsecount="0"/>
        <line num="26" count="1" type="cond" truecount="1" falsecount="1"/>
        <line num="27" count="0" type="stmt"/>
        <line num="28" count="0" type="cond" truecount="0" falsecount="2"/>
      </file>
      <file name="keys.js" path="F:\COMP.SE.200-2024-2025-1\src\keys.js">
        <metrics statements="1" coveredstatements="1" conditionals="2" coveredconditionals="1" methods="1" coveredmethods="1"/>
        <line num="32" count="1" type="cond" truecount="1" falsecount="1"/>
      </file>
      <file name="map.js" path="F:\COMP.SE.200-2024-2025-1\src\map.js">
        <metrics statements="6" coveredstatements="6" conditionals="2" coveredconditionals="1" methods="1" coveredmethods="1"/>
        <line num="20" count="4" type="stmt"/>
        <line num="21" count="4" type="cond" truecount="1" falsecount="1"/>
        <line num="22" count="4" type="stmt"/>
        <line num="24" count="4" type="stmt"/>
        <line num="25" count="8" type="stmt"/>
        <line num="27" count="4" type="stmt"/>
      </file>
      <file name="reduce.js" path="F:\COMP.SE.200-2024-2025-1\src\reduce.js">
        <metrics statements="3" coveredstatements="3" conditionals="2" coveredconditionals="2" methods="1" coveredmethods="1"/>
        <line num="39" count="8" type="cond" truecount="2" falsecount="0"/>
        <line num="40" count="8" type="stmt"/>
        <line num="41" count="8" type="stmt"/>
      </file>
      <file name="slice.js" path="F:\COMP.SE.200-2024-2025-1\src\slice.js">
        <metrics statements="16" coveredstatements="13" conditionals="16" coveredconditionals="9" methods="1" coveredmethods="1"/>
        <line num="22" count="23" type="cond" truecount="1" falsecount="1"/>
        <line num="23" count="23" type="cond" truecount="1" falsecount="1"/>
        <line num="24" count="0" type="stmt"/>
        <line num="26" count="23" type="cond" truecount="1" falsecount="1"/>
        <line num="27" count="23" type="cond" truecount="2" falsecount="0"/>
        <line num="29" count="23" type="cond" truecount="1" falsecount="1"/>
        <line num="30" count="0" type="cond" truecount="0" falsecount="2"/>
        <line num="32" count="23" type="cond" truecount="1" falsecount="1"/>
        <line num="33" count="0" type="stmt"/>
        <line num="35" count="23" type="cond" truecount="2" falsecount="0"/>
        <line num="36" count="23" type="stmt"/>
        <line num="38" count="23" type="stmt"/>
        <line num="39" count="23" type="stmt"/>
        <line num="40" count="23" type="stmt"/>
        <line num="41" count="49" type="stmt"/>
        <line num="43" count="23" type="stmt"/>
      </file>
      <file name="toFinite.js" path="F:\COMP.SE.200-2024-2025-1\src\toFinite.js">
        <metrics statements="9" coveredstatements="9" conditionals="12" coveredconditionals="12" methods="1" coveredmethods="1"/>
        <line num="4" count="3" type="stmt"/>
        <line num="5" count="3" type="stmt"/>
        <line num="29" count="41" type="cond" truecount="2" falsecount="0"/>
        <line num="30" count="8" type="cond" truecount="2" falsecount="0"/>
        <line num="32" count="33" type="stmt"/>
        <line num="33" count="33" type="cond" truecount="4" falsecount="0"/>
        <line num="34" count="2" type="cond" truecount="2" falsecount="0"/>
        <line num="35" count="2" type="stmt"/>
        <line num="37" count="31" type="cond" truecount="2" falsecount="0"/>
      </file>
      <file name="toInteger.js" path="F:\COMP.SE.200-2024-2025-1\src\toInteger.js">
        <metrics statements="3" coveredstatements="3" conditionals="2" coveredconditionals="2" methods="1" coveredmethods="1"/>
        <line num="29" count="41" type="stmt"/>
        <line num="30" count="41" type="stmt"/>
        <line num="32" count="41" type="cond" truecount="2" falsecount="0"/>
      </file>
      <file name="toNumber.js" path="F:\COMP.SE.200-2024-2025-1\src\toNumber.js">
        <metrics statements="18" coveredstatements="16" conditionals="22" coveredconditionals="12" methods="1" coveredmethods="1"/>
        <line num="5" count="3" type="stmt"/>
        <line num="8" count="3" type="stmt"/>
        <line num="11" count="3" type="stmt"/>
        <line num="14" count="3" type="stmt"/>
        <line num="17" count="3" type="stmt"/>
        <line num="20" count="3" type="stmt"/>
        <line num="45" count="33" type="cond" truecount="2" falsecount="0"/>
        <line num="46" count="22" type="stmt"/>
        <line num="48" count="11" type="cond" truecount="1" falsecount="1"/>
        <line num="49" count="0" type="stmt"/>
        <line num="51" count="11" type="cond" truecount="2" falsecount="0"/>
        <line num="52" count="2" type="cond" truecount="1" falsecount="1"/>
        <line num="53" count="2" type="cond" truecount="1" falsecount="1"/>
        <line num="55" count="11" type="cond" truecount="1" falsecount="1"/>
        <line num="56" count="0" type="cond" truecount="0" falsecount="2"/>
        <line num="58" count="11" type="stmt"/>
        <line num="59" count="11" type="stmt"/>
        <line num="60" count="11" type="cond" truecount="3" falsecount="1"/>
      </file>
      <file name="toString.js" path="F:\COMP.SE.200-2024-2025-1\src\toString.js">
        <metrics statements="9" coveredstatements="8" conditionals="12" coveredconditionals="8" methods="2" coveredmethods="2"/>
        <line num="4" count="1" type="stmt"/>
        <line num="28" count="13" type="cond" truecount="2" falsecount="0"/>
        <line num="29" count="10" type="stmt"/>
        <line num="31" count="3" type="cond" truecount="2" falsecount="0"/>
        <line num="33" count="1" type="cond" truecount="1" falsecount="1"/>
        <line num="35" count="2" type="cond" truecount="1" falsecount="1"/>
        <line num="36" count="0" type="stmt"/>
        <line num="38" count="2" type="stmt"/>
        <line num="39" count="2" type="cond" truecount="2" falsecount="2"/>
      </file>
      <file name="upperFirst.js" path="F:\COMP.SE.200-2024-2025-1\src\upperFirst.js">
        <metrics statements="1" coveredstatements="1" conditionals="0" coveredconditionals="0" methods="0" coveredmethods="0"/>
        <line num="19" count="1" type="stmt"/>
      </file>
      <file name="words.js" path="F:\COMP.SE.200-2024-2025-1\src\words.js">
        <metrics statements="7" coveredstatements="7" conditionals="8" coveredconditionals="6" methods="2" coveredmethods="2"/>
        <line num="3" count="1" type="stmt"/>
        <line num="8" count="1" type="stmt"/>
        <line num="11" count="1" type="stmt"/>
        <line num="31" count="7" type="cond" truecount="2" falsecount="0"/>
        <line num="32" count="6" type="cond" truecount="2" falsecount="0"/>
        <line num="33" count="6" type="cond" truecount="1" falsecount="1"/>
        <line num="35" count="1" type="cond" truecount="1" falsecount="1"/>
      </file>
    </package>
    <package name="src..internal">
      <metrics statements="195" coveredstatements="147" conditionals="149" coveredconditionals="63" methods="24" coveredmethods="17"/>
      <file name="arrayLikeKeys.js" path="F:\COMP.SE.200-2024-2025-1\src\.internal\arrayLikeKeys.js">
        <metrics statements="15" coveredstatements="1" conditionals="25" coveredconditionals="0" methods="1" coveredmethods="0"/>
        <line num="7" count="1" type="stmt"/>
        <line num="18" count="0" type="stmt"/>
        <line num="19" count="0" type="cond" truecount="0" falsecount="2"/>
        <line num="20" count="0" type="cond" truecount="0" falsecount="3"/>
        <line num="21" count="0" type="cond" truecount="0" falsecount="4"/>
        <line num="22" count="0" type="cond" truecount="0" falsecount="4"/>
        <line num="23" count="0" type="stmt"/>
        <line num="24" count="0" type="cond" truecount="0" falsecount="2"/>
        <line num="25" count="0" type="cond" truecount="0" falsecount="2"/>
        <line num="26" count="0" type="stmt"/>
        <line num="27" count="0" type="stmt"/>
        <line num="29" count="0" type="stmt"/>
        <line num="30" count="0" type="cond" truecount="0" falsecount="5"/>
        <line num="37" count="0" type="stmt"/>
        <line num="40" count="0" type="stmt"/>
      </file>
      <file name="arrayReduce.js" path="F:\COMP.SE.200-2024-2025-1\src\.internal\arrayReduce.js">
        <metrics statements="7" coveredstatements="7" conditionals="6" coveredconditionals="5" methods="1" coveredmethods="1"/>
        <line num="13" count="6" type="stmt"/>
        <line num="14" count="6" type="cond" truecount="1" falsecount="1"/>
        <line num="16" count="6" type="cond" truecount="4" falsecount="0"/>
        <line num="17" count="1" type="stmt"/>
        <line num="19" count="6" type="stmt"/>
        <line num="20" count="13" type="stmt"/>
        <line num="22" count="6" type="stmt"/>
      </file>
      <file name="asciiToArray.js" path="F:\COMP.SE.200-2024-2025-1\src\.internal\asciiToArray.js">
        <metrics statements="1" coveredstatements="0" conditionals="0" coveredconditionals="0" methods="1" coveredmethods="0"/>
        <line num="9" count="0" type="stmt"/>
      </file>
      <file name="baseEach.js" path="F:\COMP.SE.200-2024-2025-1\src\.internal\baseEach.js">
        <metrics statements="11" coveredstatements="4" conditionals="6" coveredconditionals="3" methods="1" coveredmethods="1"/>
        <line num="13" count="2" type="cond" truecount="2" falsecount="0"/>
        <line num="14" count="1" type="stmt"/>
        <line num="16" count="1" type="cond" truecount="1" falsecount="1"/>
        <line num="17" count="1" type="stmt"/>
        <line num="19" count="0" type="stmt"/>
        <line num="20" count="0" type="stmt"/>
        <line num="21" count="0" type="stmt"/>
        <line num="23" count="0" type="stmt"/>
        <line num="24" count="0" type="cond" truecount="0" falsecount="2"/>
        <line num="25" count="0" type="stmt"/>
        <line num="28" count="0" type="stmt"/>
      </file>
      <file name="baseFor.js" path="F:\COMP.SE.200-2024-2025-1\src\.internal\baseFor.js">
        <metrics statements="9" coveredstatements="8" conditionals="2" coveredconditionals="1" methods="1" coveredmethods="1"/>
        <line num="13" count="1" type="stmt"/>
        <line num="14" count="1" type="stmt"/>
        <line num="15" count="1" type="stmt"/>
        <line num="16" count="1" type="stmt"/>
        <line num="18" count="1" type="stmt"/>
        <line num="19" count="3" type="stmt"/>
        <line num="20" count="3" type="cond" truecount="1" falsecount="1"/>
        <line num="21" count="0" type="stmt"/>
        <line num="24" count="1" type="stmt"/>
      </file>
      <file name="baseForOwn.js" path="F:\COMP.SE.200-2024-2025-1\src\.internal\baseForOwn.js">
        <metrics statements="1" coveredstatements="1" conditionals="2" coveredconditionals="2" methods="1" coveredmethods="1"/>
        <line num="13" count="1" type="cond" truecount="2" falsecount="0"/>
      </file>
      <file name="baseReduce.js" path="F:\COMP.SE.200-2024-2025-1\src\.internal\baseReduce.js">
        <metrics statements="3" coveredstatements="3" conditionals="2" coveredconditionals="1" methods="2" coveredmethods="2"/>
        <line num="15" count="2" type="stmt"/>
        <line num="16" count="3" type="cond" truecount="1" falsecount="1"/>
        <line num="20" count="2" type="stmt"/>
      </file>
      <file name="baseToNumber.js" path="F:\COMP.SE.200-2024-2025-1\src\.internal\baseToNumber.js">
        <metrics statements="6" coveredstatements="3" conditionals="4" coveredconditionals="1" methods="1" coveredmethods="1"/>
        <line num="4" count="1" type="stmt"/>
        <line num="15" count="16" type="cond" truecount="1" falsecount="1"/>
        <line num="16" count="16" type="stmt"/>
        <line num="18" count="0" type="cond" truecount="0" falsecount="2"/>
        <line num="19" count="0" type="stmt"/>
        <line num="21" count="0" type="stmt"/>
      </file>
      <file name="baseToString.js" path="F:\COMP.SE.200-2024-2025-1\src\.internal\baseToString.js">
        <metrics statements="10" coveredstatements="2" conditionals="12" coveredconditionals="0" methods="1" coveredmethods="0"/>
        <line num="4" count="1" type="stmt"/>
        <line num="7" count="1" type="stmt"/>
        <line num="19" count="0" type="cond" truecount="0" falsecount="2"/>
        <line num="20" count="0" type="stmt"/>
        <line num="22" count="0" type="cond" truecount="0" falsecount="2"/>
        <line num="24" count="0" type="stmt"/>
        <line num="26" count="0" type="cond" truecount="0" falsecount="2"/>
        <line num="27" count="0" type="cond" truecount="0" falsecount="2"/>
        <line num="29" count="0" type="stmt"/>
        <line num="30" count="0" type="cond" truecount="0" falsecount="4"/>
      </file>
      <file name="castSlice.js" path="F:\COMP.SE.200-2024-2025-1\src\.internal\castSlice.js">
        <metrics statements="3" coveredstatements="0" conditionals="6" coveredconditionals="0" methods="1" coveredmethods="0"/>
        <line num="13" count="0" type="stmt"/>
        <line num="14" count="0" type="cond" truecount="0" falsecount="2"/>
        <line num="15" count="0" type="cond" truecount="0" falsecount="4"/>
      </file>
      <file name="createCaseFirst.js" path="F:\COMP.SE.200-2024-2025-1\src\.internal\createCaseFirst.js">
        <metrics statements="7" coveredstatements="7" conditionals="8" coveredconditionals="5" methods="2" coveredmethods="2"/>
        <line num="13" count="1" type="stmt"/>
        <line num="14" count="12" type="cond" truecount="2" falsecount="0"/>
        <line num="15" count="1" type="stmt"/>
        <line num="18" count="11" type="cond" truecount="1" falsecount="1"/>
        <line num="22" count="11" type="cond" truecount="1" falsecount="1"/>
        <line num="26" count="11" type="cond" truecount="1" falsecount="1"/>
        <line num="30" count="11" type="stmt"/>
      </file>
      <file name="createMathOperation.js" path="F:\COMP.SE.200-2024-2025-1\src\.internal\createMathOperation.js">
        <metrics statements="13" coveredstatements="8" conditionals="16" coveredconditionals="11" methods="2" coveredmethods="2"/>
        <line num="13" count="1" type="stmt"/>
        <line num="14" count="8" type="cond" truecount="2" falsecount="2"/>
        <line num="15" count="0" type="stmt"/>
        <line num="17" count="8" type="cond" truecount="3" falsecount="1"/>
        <line num="18" count="0" type="stmt"/>
        <line num="20" count="8" type="cond" truecount="3" falsecount="1"/>
        <line num="21" count="0" type="stmt"/>
        <line num="23" count="8" type="cond" truecount="3" falsecount="1"/>
        <line num="24" count="0" type="stmt"/>
        <line num="25" count="0" type="stmt"/>
        <line num="28" count="8" type="stmt"/>
        <line num="29" count="8" type="stmt"/>
        <line num="31" count="8" type="stmt"/>
      </file>
      <file name="createRound.js" path="F:\COMP.SE.200-2024-2025-1\src\.internal\createRound.js">
        <metrics statements="9" coveredstatements="9" conditionals="6" coveredconditionals="6" methods="2" coveredmethods="2"/>
        <line num="9" count="1" type="stmt"/>
        <line num="10" count="1" type="stmt"/>
        <line num="11" count="10" type="cond" truecount="4" falsecount="0"/>
        <line num="12" count="10" type="cond" truecount="2" falsecount="0"/>
        <line num="15" count="7" type="stmt"/>
        <line num="16" count="7" type="stmt"/>
        <line num="18" count="7" type="stmt"/>
        <line num="19" count="7" type="stmt"/>
        <line num="21" count="3" type="stmt"/>
      </file>
      <file name="freeGlobal.js" path="F:\COMP.SE.200-2024-2025-1\src\.internal\freeGlobal.js">
        <metrics statements="1" coveredstatements="1" conditionals="4" coveredconditionals="4" methods="0" coveredmethods="0"/>
        <line num="2" count="1" type="cond" truecount="4" falsecount="0"/>
      </file>
      <file name="getTag.js" path="F:\COMP.SE.200-2024-2025-1\src\.internal\getTag.js">
        <metrics statements="4" coveredstatements="3" conditionals="4" coveredconditionals="1" methods="1" coveredmethods="1"/>
        <line num="1" count="6" type="stmt"/>
        <line num="11" count="2" type="cond" truecount="1" falsecount="1"/>
        <line num="12" count="0" type="cond" truecount="0" falsecount="2"/>
        <line num="14" count="2" type="stmt"/>
      </file>
      <file name="hasUnicode.js" path="F:\COMP.SE.200-2024-2025-1\src\.internal\hasUnicode.js">
        <metrics statements="11" coveredstatements="11" conditionals="0" coveredconditionals="0" methods="1" coveredmethods="1"/>
        <line num="2" count="1" type="stmt"/>
        <line num="3" count="1" type="stmt"/>
        <line num="4" count="1" type="stmt"/>
        <line num="5" count="1" type="stmt"/>
        <line num="6" count="1" type="stmt"/>
        <line num="7" count="1" type="stmt"/>
        <line num="8" count="1" type="stmt"/>
        <line num="9" count="1" type="stmt"/>
        <line num="12" count="1" type="stmt"/>
        <line num="15" count="1" type="stmt"/>
        <line num="25" count="11" type="stmt"/>
      </file>
      <file name="isIndex.js" path="F:\COMP.SE.200-2024-2025-1\src\.internal\isIndex.js">
        <metrics statements="5" coveredstatements="2" conditionals="9" coveredconditionals="0" methods="1" coveredmethods="0"/>
        <line num="2" count="1" type="stmt"/>
        <line num="5" count="1" type="stmt"/>
        <line num="16" count="0" type="stmt"/>
        <line num="17" count="0" type="cond" truecount="0" falsecount="2"/>
        <line num="19" count="0" type="cond" truecount="0" falsecount="7"/>
      </file>
      <file name="nodeTypes.js" path="F:\COMP.SE.200-2024-2025-1\src\.internal\nodeTypes.js">
        <metrics statements="8" coveredstatements="8" conditionals="21" coveredconditionals="17" methods="1" coveredmethods="1"/>
        <line num="4" count="1" type="cond" truecount="4" falsecount="0"/>
        <line num="7" count="1" type="cond" truecount="5" falsecount="0"/>
        <line num="10" count="1" type="cond" truecount="2" falsecount="0"/>
        <line num="13" count="1" type="cond" truecount="2" falsecount="0"/>
        <line num="16" count="1" type="stmt"/>
        <line num="17" count="1" type="stmt"/>
        <line num="20" count="1" type="cond" truecount="3" falsecount="0"/>
        <line num="21" count="1" type="cond" truecount="1" falsecount="1"/>
      </file>
      <file name="root.js" path="F:\COMP.SE.200-2024-2025-1\src\.internal\root.js">
        <metrics statements="3" coveredstatements="3" conditionals="12" coveredconditionals="6" methods="0" coveredmethods="0"/>
        <line num="5" count="1" type="cond" truecount="4" falsecount="0"/>
        <line num="8" count="1" type="cond" truecount="1" falsecount="3"/>
        <line num="11" count="1" type="cond" truecount="1" falsecount="3"/>
      </file>
      <file name="stringToArray.js" path="F:\COMP.SE.200-2024-2025-1\src\.internal\stringToArray.js">
        <metrics statements="1" coveredstatements="0" conditionals="2" coveredconditionals="0" methods="1" coveredmethods="0"/>
        <line num="13" count="0" type="cond" truecount="0" falsecount="2"/>
      </file>
      <file name="unicodeToArray.js" path="F:\COMP.SE.200-2024-2025-1\src\.internal\unicodeToArray.js">
        <metrics statements="24" coveredstatements="23" conditionals="2" coveredconditionals="0" methods="1" coveredmethods="0"/>
        <line num="2" count="1" type="stmt"/>
        <line num="3" count="1" type="stmt"/>
        <line num="4" count="1" type="stmt"/>
        <line num="5" count="1" type="stmt"/>
        <line num="6" count="1" type="stmt"/>
        <line num="7" count="1" type="stmt"/>
        <line num="8" count="1" type="stmt"/>
        <line num="9" count="1" type="stmt"/>
        <line num="12" count="1" type="stmt"/>
        <line num="13" count="1" type="stmt"/>
        <line num="14" count="1" type="stmt"/>
        <line num="15" count="1" type="stmt"/>
        <line num="16" count="1" type="stmt"/>
        <line num="17" count="1" type="stmt"/>
        <line num="18" count="1" type="stmt"/>
        <line num="19" count="1" type="stmt"/>
        <line num="22" count="1" type="stmt"/>
        <line num="23" count="1" type="stmt"/>
        <line num="24" count="1" type="stmt"/>
        <line num="25" count="1" type="stmt"/>
        <line num="26" count="1" type="stmt"/>
        <line num="27" count="1" type="stmt"/>
        <line num="30" count="1" type="stmt"/>
        <line num="40" count="0" type="cond" truecount="0" falsecount="2"/>
      </file>
      <file name="unicodeWords.js" path="F:\COMP.SE.200-2024-2025-1\src\.internal\unicodeWords.js">
        <metrics statements="43" coveredstatements="43" conditionals="0" coveredconditionals="0" methods="1" coveredmethods="1"/>
        <line num="2" count="1" type="stmt"/>
        <line num="3" count="1" type="stmt"/>
        <line num="4" count="1" type="stmt"/>
        <line num="5" count="1" type="stmt"/>
        <line num="6" count="1" type="stmt"/>
        <line num="7" count="1" type="stmt"/>
        <line num="8" count="1" type="stmt"/>
        <line num="9" count="1" type="stmt"/>
        <line num="10" count="1" type="stmt"/>
        <line num="11" count="1" type="stmt"/>
        <line num="12" count="1" type="stmt"/>
        <line num="13" count="1" type="stmt"/>
        <line num="14" count="1" type="stmt"/>
        <line num="15" count="1" type="stmt"/>
        <line num="16" count="1" type="stmt"/>
        <line num="17" count="1" type="stmt"/>
        <line num="20" count="1" type="stmt"/>
        <line num="21" count="1" type="stmt"/>
        <line num="22" count="1" type="stmt"/>
        <line num="23" count="1" type="stmt"/>
        <line num="24" count="1" type="stmt"/>
        <line num="25" count="1" type="stmt"/>
        <line num="26" count="1" type="stmt"/>
        <line num="27" count="1" type="stmt"/>
        <line num="28" count="1" type="stmt"/>
        <line num="29" count="1" type="stmt"/>
        <line num="30" count="1" type="stmt"/>
        <line num="31" count="1" type="stmt"/>
        <line num="32" count="1" type="stmt"/>
        <line num="33" count="1" type="stmt"/>
        <line num="36" count="1" type="stmt"/>
        <line num="37" count="1" type="stmt"/>
        <line num="38" count="1" type="stmt"/>
        <line num="39" count="1" type="stmt"/>
        <line num="40" count="1" type="stmt"/>
        <line num="41" count="1" type="stmt"/>
        <line num="42" count="1" type="stmt"/>
        <line num="43" count="1" type="stmt"/>
        <line num="44" count="1" type="stmt"/>
        <line num="45" count="1" type="stmt"/>
        <line num="46" count="1" type="stmt"/>
        <line num="48" count="1" type="stmt"/>
        <line num="67" count="5" type="stmt"/>
      </file>
    </package>
  </project>
</coverage>
