TN:
SF:src\add.js
FNF:0
FNH:0
DA:1,1
DA:2,1
DA:3,1
DA:4,1
DA:5,1
DA:6,1
DA:7,1
DA:8,1
DA:9,1
DA:10,1
DA:11,1
DA:12,1
DA:13,1
DA:14,1
DA:15,1
DA:16,1
DA:17,8
DA:18,1
LF:18
LH:18
BRDA:1,0,0,1
BRDA:16,1,0,8
BRF:2
BRH:2
end_of_record
TN:
SF:src\capitalize.js
FN:17,capitalize
FNF:1
FNH:1
FNDA:12,capitalize
DA:1,1
DA:2,1
DA:3,1
DA:4,1
DA:5,1
DA:6,1
DA:7,1
DA:8,1
DA:9,1
DA:10,1
DA:11,1
DA:12,1
DA:13,1
DA:14,1
DA:15,1
DA:16,1
DA:17,1
DA:18,12
DA:19,12
DA:20,1
LF:20
LH:20
BRDA:1,0,0,1
BRDA:17,1,0,12
BRF:2
BRH:2
end_of_record
TN:
SF:src\ceil.js
FNF:0
FNH:0
DA:1,1
DA:2,1
DA:3,1
DA:4,1
DA:5,1
DA:6,1
DA:7,1
DA:8,1
DA:9,1
DA:10,1
DA:11,1
DA:12,1
DA:13,1
DA:14,1
DA:15,1
DA:16,1
DA:17,1
DA:18,1
DA:19,1
DA:20,1
DA:21,1
DA:22,1
DA:23,1
DA:24,1
LF:24
LH:24
BRDA:1,0,0,1
BRF:1
BRH:1
end_of_record
TN:
SF:src\chunk.js
FN:22,chunk
FNF:1
FNH:1
FNDA:9,chunk
DA:1,1
DA:2,1
DA:3,1
DA:4,1
DA:5,1
DA:6,1
DA:7,1
DA:8,1
DA:9,1
DA:10,1
DA:11,1
DA:12,1
DA:13,1
DA:14,1
DA:15,1
DA:16,1
DA:17,1
DA:18,1
DA:19,1
DA:20,1
DA:21,1
DA:22,9
DA:23,9
DA:24,9
DA:25,9
DA:26,9
DA:27,9
DA:28,9
DA:29,9
DA:30,9
DA:31,5
DA:32,5
DA:33,5
DA:34,10
DA:35,10
DA:36,10
DA:37,10
DA:38,10
LF:38
LH:38
BRDA:1,0,0,1
BRDA:22,1,0,9
BRDA:23,2,0,7
BRDA:24,3,0,7
BRDA:24,4,0,2
BRDA:28,5,0,2
BRDA:28,6,0,7
BRDA:29,7,0,6
BRDA:30,8,0,4
BRDA:30,9,0,5
BRDA:34,10,0,10
BRF:11
BRH:11
end_of_record
TN:
SF:src\compact.js
FN:1,_createForOfIteratorHelper
FN:8,F
FN:11,n
FN:15,e
FNF:4
FNH:1
FNDA:10,_createForOfIteratorHelper
FNDA:0,F
FNDA:0,n
FNDA:0,e
DA:1,10
DA:2,10
DA:3,10
DA:4,0
DA:5,0
DA:6,0
DA:7,0
DA:8,0
DA:9,0
DA:10,0
DA:11,0
DA:12,0
DA:13,0
DA:14,0
DA:15,0
DA:16,0
DA:17,0
DA:18,0
DA:19,0
DA:20,0
DA:21,0
DA:22,0
DA:23,0
DA:24,0
DA:25,0
DA:26,0
LF:26
LH:3
BRDA:1,0,0,1
BRDA:1,1,0,10
BRDA:3,2,0,0
BRDA:3,3,0,0
BRF:4
BRH:2
end_of_record
TN:
SF:src\drop.js
FN:26,drop
FNF:1
FNH:1
FNDA:9,drop
DA:1,1
DA:2,1
DA:3,1
DA:4,1
DA:5,1
DA:6,1
DA:7,1
DA:8,1
DA:9,1
DA:10,1
DA:11,1
DA:12,1
DA:13,1
DA:14,1
DA:15,1
DA:16,1
DA:17,1
DA:18,1
DA:19,1
DA:20,1
DA:21,1
DA:22,1
DA:23,1
DA:24,1
DA:25,1
DA:26,9
DA:27,9
DA:28,9
DA:29,9
DA:30,9
DA:31,9
DA:32,9
DA:33,9
LF:33
LH:33
BRDA:1,0,0,1
BRDA:26,1,0,9
BRDA:27,2,0,8
BRDA:28,3,0,8
BRDA:29,4,0,1
BRDA:29,5,0,2
BRDA:29,6,0,7
BRDA:33,7,0,6
BRF:8
BRH:8
end_of_record
TN:
SF:src\filter.js
FN:24,filter
FNF:1
FNH:1
FNDA:8,filter
DA:1,1
DA:2,1
DA:3,1
DA:4,1
DA:5,1
DA:6,1
DA:7,1
DA:8,1
DA:9,1
DA:10,1
DA:11,1
DA:12,1
DA:13,1
DA:14,1
DA:15,1
DA:16,1
DA:17,1
DA:18,1
DA:19,1
DA:20,1
DA:21,1
DA:22,1
DA:23,1
DA:24,8
DA:25,8
DA:26,8
DA:27,8
DA:28,8
DA:29,8
DA:30,8
DA:31,20
DA:32,20
DA:33,8
DA:34,8
DA:35,8
DA:36,1
DA:37,1
DA:38,1
DA:39,1
LF:39
LH:39
BRDA:1,0,0,1
BRDA:24,1,0,8
BRDA:27,2,0,1
BRDA:27,3,0,7
BRDA:30,4,0,20
BRDA:32,5,0,10
BRF:6
BRH:6
end_of_record
TN:
SF:src\isArguments.js
FN:19,isArguments
FNF:1
FNH:0
FNDA:0,isArguments
DA:1,1
DA:2,1
DA:3,1
DA:4,1
DA:5,1
DA:6,1
DA:7,1
DA:8,1
DA:9,1
DA:10,1
DA:11,1
DA:12,1
DA:13,1
DA:14,1
DA:15,1
DA:16,1
DA:17,1
DA:18,1
DA:19,0
DA:20,0
DA:21,1
DA:22,1
DA:23,1
LF:23
LH:21
BRDA:1,0,0,1
BRF:1
BRH:1
end_of_record
TN:
SF:src\isArrayLike.js
FN:26,isArrayLike
FNF:1
FNH:1
FNDA:2,isArrayLike
DA:1,1
DA:2,1
DA:3,1
DA:4,1
DA:5,1
DA:6,1
DA:7,1
DA:8,1
DA:9,1
DA:10,1
DA:11,1
DA:12,1
DA:13,1
DA:14,1
DA:15,1
DA:16,1
DA:17,1
DA:18,1
DA:19,1
DA:20,1
DA:21,1
DA:22,1
DA:23,1
DA:24,1
DA:25,1
DA:26,2
DA:27,2
DA:28,1
DA:29,1
DA:30,1
LF:30
LH:30
BRDA:1,0,0,1
BRDA:26,1,0,2
BRF:2
BRH:2
end_of_record
TN:
SF:src\isBuffer.js
FN:1,_typeof
FNF:1
FNH:0
FNDA:0,_typeof
DA:1,0
DA:2,0
DA:3,0
DA:4,0
DA:5,0
DA:6,0
DA:7,1
DA:8,1
DA:9,1
DA:10,1
DA:11,0
DA:12,1
DA:13,1
DA:14,1
DA:15,1
DA:16,1
DA:17,0
DA:18,0
DA:19,1
DA:20,1
DA:21,1
DA:22,1
DA:23,1
DA:24,1
DA:25,1
DA:26,1
DA:27,1
DA:28,1
DA:29,1
DA:30,1
DA:31,1
DA:32,1
DA:33,1
DA:34,1
DA:35,1
LF:35
LH:26
BRDA:1,0,0,1
BRDA:10,1,0,0
BRDA:12,2,0,0
BRDA:13,3,0,0
BRDA:13,4,0,0
BRDA:15,5,0,0
BRDA:16,6,0,0
BRDA:16,7,0,0
BRDA:19,8,0,0
BRDA:24,9,0,0
BRDA:27,10,0,0
BRDA:35,11,0,0
BRF:12
BRH:1
end_of_record
TN:
SF:src\isLength.js
FN:27,isLength
FNF:1
FNH:1
FNDA:2,isLength
DA:1,1
DA:2,1
DA:3,1
DA:4,1
DA:5,1
DA:6,1
DA:7,1
DA:8,1
DA:9,1
DA:10,1
DA:11,1
DA:12,1
DA:13,1
DA:14,1
DA:15,1
DA:16,1
DA:17,1
DA:18,1
DA:19,1
DA:20,1
DA:21,1
DA:22,1
DA:23,1
DA:24,1
DA:25,1
DA:26,1
DA:27,2
DA:28,2
DA:29,2
DA:30,1
DA:31,1
DA:32,1
DA:33,1
LF:33
LH:33
BRDA:1,0,0,1
BRDA:27,1,0,2
BRDA:29,2,0,0
BRDA:30,3,0,0
BRDA:30,4,0,0
BRF:5
BRH:2
end_of_record
TN:
SF:src\isObject.js
FN:1,_typeof
FN:4,_typeof
FN:4,_typeof
FNF:3
FNH:2
FNDA:2,_typeof
FNDA:13,_typeof
FNDA:0,_typeof
DA:1,2
DA:2,2
DA:3,2
DA:4,2
DA:5,0
DA:6,0
DA:7,0
DA:8,2
DA:9,3
DA:10,3
DA:11,3
DA:12,3
DA:13,3
DA:14,3
DA:15,3
DA:16,3
DA:17,3
DA:18,3
DA:19,3
DA:20,3
DA:21,3
DA:22,3
DA:23,3
DA:24,3
DA:25,3
DA:26,3
DA:27,3
DA:28,3
DA:29,3
LF:29
LH:26
BRDA:1,0,0,3
BRDA:1,1,0,2
BRDA:4,2,0,0
BRDA:4,3,0,13
BRF:4
BRH:3
end_of_record
TN:
SF:src\isObjectLike.js
FN:1,_typeof
FNF:1
FNH:0
FNDA:0,_typeof
DA:1,0
DA:2,0
DA:3,0
DA:4,0
DA:5,0
DA:6,0
DA:7,0
DA:8,0
DA:9,0
DA:10,0
DA:11,1
DA:12,1
DA:13,1
DA:14,1
DA:15,1
DA:16,1
DA:17,1
DA:18,1
DA:19,1
DA:20,1
DA:21,1
DA:22,1
DA:23,1
DA:24,1
DA:25,1
DA:26,1
DA:27,1
LF:27
LH:17
BRDA:1,0,0,1
BRF:1
BRH:1
end_of_record
TN:
SF:src\isSymbol.js
FN:1,_typeof
FN:6,_typeof
FN:8,_typeof
FNF:3
FNH:2
FNDA:3,_typeof
FNDA:13,_typeof
FNDA:0,_typeof
DA:1,3
DA:2,3
DA:3,3
DA:4,3
DA:5,3
DA:6,3
DA:7,13
DA:8,3
DA:9,0
DA:10,0
DA:11,0
DA:12,5
DA:13,5
DA:14,5
DA:15,5
DA:16,5
DA:17,5
DA:18,5
DA:19,5
DA:20,5
DA:21,5
DA:22,5
DA:23,5
LF:23
LH:20
BRDA:1,0,0,5
BRDA:1,1,0,3
BRDA:8,2,0,0
BRDA:6,3,0,13
BRF:4
BRH:3
end_of_record
TN:
SF:src\isTypedArray.js
FN:26,isTypedArray
FN:28,isTypedArray
FNF:2
FNH:0
FNDA:0,isTypedArray
FNDA:0,isTypedArray
DA:1,1
DA:2,1
DA:3,1
DA:4,1
DA:5,1
DA:6,1
DA:7,1
DA:8,1
DA:9,1
DA:10,1
DA:11,1
DA:12,1
DA:13,1
DA:14,1
DA:15,1
DA:16,1
DA:17,1
DA:18,1
DA:19,1
DA:20,1
DA:21,1
DA:22,1
DA:23,1
DA:24,1
DA:25,1
DA:26,1
DA:27,0
DA:28,1
DA:29,0
DA:30,1
LF:30
LH:28
BRDA:1,0,0,1
BRDA:9,1,0,0
BRDA:26,2,0,0
BRF:3
BRH:1
end_of_record
TN:
SF:src\keys.js
FN:31,keys
FNF:1
FNH:1
FNDA:1,keys
DA:1,1
DA:2,1
DA:3,1
DA:4,1
DA:5,1
DA:6,1
DA:7,1
DA:8,1
DA:9,1
DA:10,1
DA:11,1
DA:12,1
DA:13,1
DA:14,1
DA:15,1
DA:16,1
DA:17,1
DA:18,1
DA:19,1
DA:20,1
DA:21,1
DA:22,1
DA:23,1
DA:24,1
DA:25,1
DA:26,1
DA:27,1
DA:28,1
DA:29,1
DA:30,1
DA:31,1
DA:32,1
DA:33,1
DA:34,1
DA:35,1
DA:36,1
DA:37,1
LF:37
LH:37
BRDA:1,0,0,1
BRDA:31,1,0,1
BRDA:32,2,0,0
BRF:3
BRH:2
end_of_record
TN:
SF:src\map.js
FN:19,map
FNF:1
FNH:1
FNDA:4,map
DA:1,1
DA:2,1
DA:3,1
DA:4,1
DA:5,1
DA:6,1
DA:7,1
DA:8,1
DA:9,1
DA:10,1
DA:11,1
DA:12,1
DA:13,1
DA:14,1
DA:15,1
DA:16,1
DA:17,1
DA:18,1
DA:19,4
DA:20,4
DA:21,4
DA:22,4
DA:23,4
DA:24,4
DA:25,4
DA:26,4
DA:27,1
DA:28,1
DA:29,1
DA:30,1
LF:30
LH:30
BRDA:1,0,0,1
BRDA:19,1,0,4
BRDA:21,2,0,0
BRDA:24,3,0,8
BRF:4
BRH:3
end_of_record
TN:
SF:src\reduce.js
FN:38,reduce
FNF:1
FNH:1
FNDA:8,reduce
DA:1,1
DA:2,1
DA:3,1
DA:4,1
DA:5,1
DA:6,1
DA:7,1
DA:8,1
DA:9,1
DA:10,1
DA:11,1
DA:12,1
DA:13,1
DA:14,1
DA:15,1
DA:16,1
DA:17,1
DA:18,1
DA:19,1
DA:20,1
DA:21,1
DA:22,1
DA:23,1
DA:24,1
DA:25,1
DA:26,1
DA:27,1
DA:28,1
DA:29,1
DA:30,1
DA:31,1
DA:32,1
DA:33,1
DA:34,1
DA:35,1
DA:36,1
DA:37,1
DA:38,8
DA:39,8
DA:40,8
DA:41,1
DA:42,1
DA:43,1
DA:44,1
LF:44
LH:44
BRDA:1,0,0,1
BRDA:38,1,0,8
BRDA:39,2,0,6
BRDA:39,3,0,2
BRF:4
BRH:4
end_of_record
TN:
SF:src\slice.js
FN:21,slice
FNF:1
FNH:1
FNDA:23,slice
DA:1,4
DA:2,4
DA:3,4
DA:4,4
DA:5,4
DA:6,4
DA:7,4
DA:8,4
DA:9,4
DA:10,4
DA:11,4
DA:12,4
DA:13,4
DA:14,4
DA:15,4
DA:16,4
DA:17,4
DA:18,4
DA:19,4
DA:20,4
DA:21,23
DA:22,23
DA:23,23
DA:24,0
DA:25,23
DA:26,23
DA:27,23
DA:28,23
DA:29,23
DA:30,23
DA:31,23
DA:32,23
DA:33,23
DA:34,23
DA:35,23
DA:36,23
DA:37,23
DA:38,23
DA:39,23
DA:40,23
DA:41,23
DA:42,4
DA:43,4
DA:44,4
DA:45,4
DA:46,4
LF:46
LH:45
BRDA:1,0,0,4
BRDA:21,1,0,23
BRDA:22,2,0,0
BRDA:23,3,0,0
BRDA:26,4,0,0
BRDA:27,5,0,2
BRDA:27,6,0,21
BRDA:29,7,0,0
BRDA:32,8,0,0
BRDA:35,9,0,1
BRDA:35,10,0,22
BRDA:40,11,0,49
BRF:12
BRH:7
end_of_record
TN:
SF:src\toFinite.js
FN:26,toFinite
FNF:1
FNH:1
FNDA:41,toFinite
DA:1,3
DA:2,3
DA:3,3
DA:4,3
DA:5,3
DA:6,3
DA:7,3
DA:8,3
DA:9,3
DA:10,3
DA:11,3
DA:12,3
DA:13,3
DA:14,3
DA:15,3
DA:16,3
DA:17,3
DA:18,3
DA:19,3
DA:20,3
DA:21,3
DA:22,3
DA:23,3
DA:24,3
DA:25,3
DA:26,3
DA:27,41
DA:28,41
DA:29,41
DA:30,41
DA:31,33
DA:32,33
DA:33,41
DA:34,2
DA:35,41
DA:36,31
DA:37,3
DA:38,3
DA:39,3
DA:40,3
LF:40
LH:40
BRDA:1,0,0,3
BRDA:26,1,0,41
BRDA:29,2,0,8
BRDA:30,3,0,2
BRDA:30,4,0,6
BRDA:30,5,0,39
BRDA:30,6,0,33
BRDA:33,7,0,32
BRDA:33,8,0,2
BRDA:34,9,0,1
BRDA:34,10,0,1
BRDA:35,11,0,39
BRDA:35,12,0,31
BRDA:37,13,0,30
BRDA:37,14,0,1
BRF:15
BRH:15
end_of_record
TN:
SF:src\toInteger.js
FN:28,toInteger
FNF:1
FNH:1
FNDA:41,toInteger
DA:1,3
DA:2,3
DA:3,3
DA:4,3
DA:5,3
DA:6,3
DA:7,3
DA:8,3
DA:9,3
DA:10,3
DA:11,3
DA:12,3
DA:13,3
DA:14,3
DA:15,3
DA:16,3
DA:17,3
DA:18,3
DA:19,3
DA:20,3
DA:21,3
DA:22,3
DA:23,3
DA:24,3
DA:25,3
DA:26,3
DA:27,3
DA:28,41
DA:29,41
DA:30,41
DA:31,41
DA:32,3
DA:33,3
DA:34,3
DA:35,3
LF:35
LH:35
BRDA:1,0,0,3
BRDA:28,1,0,41
BRDA:32,2,0,15
BRDA:32,3,0,26
BRF:4
BRH:4
end_of_record
TN:
SF:src\toNumber.js
FN:41,toNumber
FNF:1
FNH:1
FNDA:33,toNumber
DA:1,3
DA:2,3
DA:3,3
DA:4,3
DA:5,3
DA:6,3
DA:7,3
DA:8,3
DA:9,3
DA:10,3
DA:11,3
DA:12,3
DA:13,3
DA:14,3
DA:15,3
DA:16,3
DA:17,3
DA:18,3
DA:19,3
DA:20,3
DA:21,3
DA:22,3
DA:23,3
DA:24,3
DA:25,3
DA:26,3
DA:27,3
DA:28,3
DA:29,3
DA:30,3
DA:31,3
DA:32,3
DA:33,3
DA:34,3
DA:35,3
DA:36,3
DA:37,3
DA:38,3
DA:39,3
DA:40,3
DA:41,3
DA:42,33
DA:43,33
DA:44,33
DA:45,33
DA:46,11
DA:47,0
DA:48,29
DA:49,29
DA:50,2
DA:51,2
DA:52,2
DA:53,29
DA:54,11
DA:55,29
DA:56,29
DA:57,11
DA:58,11
DA:59,11
DA:60,33
DA:61,33
DA:62,3
DA:63,3
DA:64,3
DA:65,3
LF:65
LH:64
BRDA:1,0,0,3
BRDA:41,1,0,33
BRDA:45,2,0,22
BRDA:45,3,0,29
BRDA:45,4,0,11
BRDA:47,5,0,0
BRDA:48,6,0,11
BRDA:49,7,0,2
BRDA:52,8,0,0
BRDA:53,9,0,0
BRDA:53,10,0,11
BRDA:55,11,0,0
BRDA:56,12,0,11
BRDA:60,13,0,0
BRDA:61,14,0,11
BRDA:61,15,0,0
BRF:16
BRH:10
end_of_record
TN:
SF:src\toString.js
FN:24,toString
FNF:1
FNH:1
FNDA:13,toString
DA:1,1
DA:2,1
DA:3,1
DA:4,1
DA:5,1
DA:6,1
DA:7,1
DA:8,1
DA:9,1
DA:10,1
DA:11,1
DA:12,1
DA:13,1
DA:14,1
DA:15,1
DA:16,1
DA:17,1
DA:18,1
DA:19,1
DA:20,1
DA:21,1
DA:22,1
DA:23,1
DA:24,13
DA:25,13
DA:26,13
DA:27,13
DA:28,13
DA:29,13
DA:30,3
DA:31,13
DA:32,1
DA:33,1
DA:34,1
DA:35,13
DA:36,13
DA:37,0
DA:38,13
DA:39,13
DA:40,0
DA:41,0
DA:42,1
LF:42
LH:39
BRDA:1,0,0,1
BRDA:24,1,0,13
BRDA:28,2,0,10
BRDA:29,3,0,3
BRDA:31,4,0,1
BRDA:35,5,0,2
BRDA:36,6,0,0
BRDA:38,7,0,2
BRDA:39,8,0,0
BRDA:40,9,0,0
BRDA:42,10,0,2
BRDA:33,11,0,1
BRDA:33,12,0,0
BRF:13
BRH:9
end_of_record
TN:
SF:src\upperFirst.js
FNF:0
FNH:0
DA:1,1
DA:2,1
DA:3,1
DA:4,1
DA:5,1
DA:6,1
DA:7,1
DA:8,1
DA:9,1
DA:10,1
DA:11,1
DA:12,1
DA:13,1
DA:14,1
DA:15,1
DA:16,1
DA:17,1
DA:18,1
DA:19,1
DA:20,1
DA:21,1
LF:21
LH:21
BRDA:1,0,0,1
BRF:1
BRH:1
end_of_record
TN:
SF:src\words.js
FN:8,asciiWords
FN:28,words
FNF:2
FNH:2
FNDA:1,asciiWords
FNDA:7,words
DA:1,1
DA:2,1
DA:3,1
DA:4,1
DA:5,1
DA:6,1
DA:7,1
DA:8,1
DA:9,1
DA:10,1
DA:11,1
DA:12,1
DA:13,1
DA:14,1
DA:15,1
DA:16,1
DA:17,1
DA:18,1
DA:19,1
DA:20,1
DA:21,1
DA:22,1
DA:23,1
DA:24,1
DA:25,1
DA:26,1
DA:27,1
DA:28,1
DA:29,7
DA:30,7
DA:31,7
DA:32,6
DA:33,7
DA:34,1
DA:35,1
DA:36,1
DA:37,1
DA:38,1
LF:38
LH:38
BRDA:1,0,0,1
BRDA:8,1,0,1
BRDA:28,2,0,7
BRDA:31,3,0,6
BRDA:32,4,0,5
BRDA:32,5,0,1
BRDA:32,6,0,0
BRDA:33,7,0,1
BRDA:35,8,0,0
BRF:9
BRH:7
end_of_record
